<?xml version="1.0" encoding="UTF-8"?>
<testng-results skipped="0" failed="0" ignored="0" total="0" passed="0">
  <reporter-output>
  </reporter-output>
  <suite name="test.BaseTest" duration-ms="25" started-at="2018-07-17T09:10:29Z" finished-at="2018-07-17T09:10:29Z">
    <groups>
    </groups>
    <test name="Command line test" duration-ms="25" started-at="2018-07-17T09:10:29Z" finished-at="2018-07-17T09:10:29Z">
    </test> <!-- Command line test -->
  </suite> <!-- test.BaseTest -->
</testng-results>
